%MatrixMarket matrix coordinate real general
1 1000 108
1 6 -0.02514
1 9 -0.08389
1 40 -0.14136
1 63 -0.08820
1 67 -0.05024
1 69 -0.13988
1 71 -0.02594
1 79 0.00898
1 81 0.01762
1 83 -0.13684
1 89 0.13082
1 113 0.05602
1 128 -0.04552
1 136 0.01182
1 144 -0.05400
1 145 -0.04207
1 148 -0.03556
1 153 0.01755
1 156 0.08328
1 175 -0.05060
1 185 -0.08257
1 197 -0.09648
1 210 -0.01289
1 216 -0.00867
1 248 -0.15925
1 253 -0.22032
1 265 0.02469
1 271 -0.04182
1 291 0.00429
1 300 0.07881
1 313 -0.10670
1 319 -0.00962
1 331 -0.03479
1 347 -0.09232
1 354 0.07264
1 360 0.02710
1 363 -0.01365
1 384 -0.02009
1 386 -0.09708
1 393 -0.02650
1 398 0.03754
1 409 -0.00398
1 411 0.03925
1 414 -0.00147
1 415 0.05337
1 423 -0.16837
1 438 0.01700
1 444 -0.05347
1 456 -0.07826
1 479 -0.03398
1 496 -0.04106
1 528 -0.02651
1 530 0.01016
1 531 0.02132
1 546 0.15042
1 548 -0.04689
1 557 0.02267
1 560 -0.01315
1 586 -0.07520
1 592 0.05690
1 600 -0.09760
1 601 -0.08770
1 613 -0.00520
1 615 -0.02687
1 641 -0.30396
1 658 -0.04609
1 668 0.03463
1 676 -0.04960
1 682 -0.04148
1 698 0.03238
1 711 -0.09926
1 713 -0.20577
1 714 0.00063
1 722 -0.01816
1 732 -0.07471
1 733 -0.04081
1 741 -0.00790
1 773 -0.02753
1 785 0.09584
1 805 -0.07231
1 810 0.10942
1 819 -0.02460
1 820 -0.04793
1 838 0.02018
1 844 -0.11563
1 873 -0.12972
1 874 -0.12832
1 878 -0.08521
1 892 -0.02687
1 893 -0.00309
1 902 0.02021
1 915 -0.00243
1 923 -0.00850
1 924 -0.03360
1 930 -0.00466
1 942 0.04297
1 951 -0.02678
1 955 -0.05119
1 956 -0.07794
1 957 0.02137
1 962 -0.17610
1 981 -0.06549
1 985 -0.05040
1 987 -0.07993
1 990 0.02373
1 992 -0.09872
1 997 -0.02084
1 1000 -0.01499
